[2026-07-02 22:50:39] FAIL /api/sessions (attempt 1/3): 500 Server Error: Internal Server Error for url: http://localhost:5131/api/sessions | Response: {"title":"An unexpected error occurred. Please try again later.","status":500,"detail":"An error occurred while saving the entity changes. See the inner exception for details."}
[2026-07-02 22:50:41] FAIL /api/sessions (attempt 2/3): 500 Server Error: Internal Server Error for url: http://localhost:5131/api/sessions | Response: {"title":"An unexpected error occurred. Please try again later.","status":500,"detail":"An error occurred while saving the entity changes. See the inner exception for details."}
[2026-07-02 22:50:44] FAIL /api/sessions (attempt 3/3): 500 Server Error: Internal Server Error for url: http://localhost:5131/api/sessions | Response: {"title":"An unexpected error occurred. Please try again later.","status":500,"detail":"An error occurred while saving the entity changes. See the inner exception for details."}
[2026-07-02 22:50:44] GAVE UP /api/sessions after 3 attempts: 500 Server Error: Internal Server Error for url: http://localhost:5131/api/sessions
[2026-07-02 22:51:35] OK /api/sessions (attempt 1) -> 200
[2026-07-02 22:51:35] Session created: 042f8421-fc6f-4afd-bf91-a68badb89e8d (child=3075f64f-03e6-4506-a68a-ed4d9ad4aebe, game=mirror_me)
[2026-07-02 22:51:35] OK /api/sessions/042f8421-fc6f-4afd-bf91-a68badb89e8d/mirror-me-trials (attempt 1) -> 200
[2026-07-02 22:51:35] 2 Mirror Me trials saved to session 042f8421-fc6f-4afd-bf91-a68badb89e8d
[2026-07-02 22:51:35] OK /api/sessions/042f8421-fc6f-4afd-bf91-a68badb89e8d/summary (attempt 1) -> 200
[2026-07-02 22:51:35] Summary saved for session 042f8421-fc6f-4afd-bf91-a68badb89e8d
[2026-07-02 22:51:42] OK /api/sessions (attempt 1) -> 200
[2026-07-02 22:51:42] Session created: af4291af-a1ec-4db6-842b-096932f4e302 (child=3075f64f-03e6-4506-a68a-ed4d9ad4aebe, game=mirror_me)
[2026-07-02 22:51:42] OK /api/sessions/af4291af-a1ec-4db6-842b-096932f4e302/mirror-me-trials (attempt 1) -> 200
[2026-07-02 22:51:42] 2 Mirror Me trials saved to session af4291af-a1ec-4db6-842b-096932f4e302
[2026-07-02 22:51:42] OK /api/sessions/af4291af-a1ec-4db6-842b-096932f4e302/summary (attempt 1) -> 200
[2026-07-02 22:51:42] Summary saved for session af4291af-a1ec-4db6-842b-096932f4e302
[2026-07-02 22:51:42] OK /api/sessions (attempt 1) -> 200
[2026-07-02 22:51:42] Session created: 3704264e-53c7-4221-92f4-58c56a34e109 (child=3075f64f-03e6-4506-a68a-ed4d9ad4aebe, game=green_light)
[2026-07-02 22:51:42] OK /api/sessions/3704264e-53c7-4221-92f4-58c56a34e109/green-light-trials (attempt 1) -> 200
[2026-07-02 22:51:42] 2 Green Light trials saved to session 3704264e-53c7-4221-92f4-58c56a34e109
[2026-07-02 22:51:42] OK /api/sessions/3704264e-53c7-4221-92f4-58c56a34e109/summary (attempt 1) -> 200
[2026-07-02 22:51:42] Summary saved for session 3704264e-53c7-4221-92f4-58c56a34e109
[2026-07-02 22:58:44] OK /api/sessions (attempt 1) -> 200
[2026-07-02 22:58:44] Session created: 6198aedc-7471-4a1c-beda-911a58198fe8 (child=bae15910-3831-4d8c-8a9e-d1add3e64550, game=mirror_me)
[2026-07-02 22:58:44] FAIL /api/sessions/6198aedc-7471-4a1c-beda-911a58198fe8/mirror-me-trials (attempt 1/3): 400 Client Error: Bad Request for url: http://localhost:5131/api/sessions/6198aedc-7471-4a1c-beda-911a58198fe8/mirror-me-trials | Response: {"type":"https://tools.ietf.org/html/rfc9110#section-15.5.1","title":"One or more validation errors occurred.","status":400,"errors":{"request":["The request field is required."],"$.trials[0].reactionTimeMs":["The JSON value could not be converted to System.Int32. Path: $.trials[0].reactionTimeMs | 
[2026-07-02 22:58:46] FAIL /api/sessions/6198aedc-7471-4a1c-beda-911a58198fe8/mirror-me-trials (attempt 2/3): 400 Client Error: Bad Request for url: http://localhost:5131/api/sessions/6198aedc-7471-4a1c-beda-911a58198fe8/mirror-me-trials | Response: {"type":"https://tools.ietf.org/html/rfc9110#section-15.5.1","title":"One or more validation errors occurred.","status":400,"errors":{"request":["The request field is required."],"$.trials[0].reactionTimeMs":["The JSON value could not be converted to System.Int32. Path: $.trials[0].reactionTimeMs | 
[2026-07-02 22:58:49] FAIL /api/sessions/6198aedc-7471-4a1c-beda-911a58198fe8/mirror-me-trials (attempt 3/3): 400 Client Error: Bad Request for url: http://localhost:5131/api/sessions/6198aedc-7471-4a1c-beda-911a58198fe8/mirror-me-trials | Response: {"type":"https://tools.ietf.org/html/rfc9110#section-15.5.1","title":"One or more validation errors occurred.","status":400,"errors":{"request":["The request field is required."],"$.trials[0].reactionTimeMs":["The JSON value could not be converted to System.Int32. Path: $.trials[0].reactionTimeMs | 
[2026-07-02 22:58:49] GAVE UP /api/sessions/6198aedc-7471-4a1c-beda-911a58198fe8/mirror-me-trials after 3 attempts: 400 Client Error: Bad Request for url: http://localhost:5131/api/sessions/6198aedc-7471-4a1c-beda-911a58198fe8/mirror-me-trials
[2026-07-02 22:58:49] OK /api/sessions/6198aedc-7471-4a1c-beda-911a58198fe8/summary (attempt 1) -> 200
[2026-07-02 22:58:49] Summary saved for session 6198aedc-7471-4a1c-beda-911a58198fe8
[2026-07-07 01:43:26] OK /api/sessions (attempt 1) -> 200
[2026-07-07 01:43:26] Session created: 448137aa-5e9c-41dd-baf4-ee1541df14d6 (child=3075f64f-03e6-4506-a68a-ed4d9ad4aebe, game=mirror_me)
[2026-07-07 01:43:27] OK /api/sessions/448137aa-5e9c-41dd-baf4-ee1541df14d6/mirror-me-trials (attempt 1) -> 200
[2026-07-07 01:43:27] 2 Mirror Me trials saved to session 448137aa-5e9c-41dd-baf4-ee1541df14d6
[2026-07-07 01:43:27] OK /api/sessions/448137aa-5e9c-41dd-baf4-ee1541df14d6/summary (attempt 1) -> 200
[2026-07-07 01:43:27] Summary saved for session 448137aa-5e9c-41dd-baf4-ee1541df14d6
[2026-07-07 01:43:27] OK /api/sessions (attempt 1) -> 200
[2026-07-07 01:43:27] Session created: 3c37ede3-0dff-4f3d-ad0c-c6df6172bf8d (child=3075f64f-03e6-4506-a68a-ed4d9ad4aebe, game=green_light)
[2026-07-07 01:43:27] OK /api/sessions/3c37ede3-0dff-4f3d-ad0c-c6df6172bf8d/green-light-trials (attempt 1) -> 200
[2026-07-07 01:43:27] 2 Green Light trials saved to session 3c37ede3-0dff-4f3d-ad0c-c6df6172bf8d
[2026-07-07 01:43:27] OK /api/sessions/3c37ede3-0dff-4f3d-ad0c-c6df6172bf8d/summary (attempt 1) -> 200
[2026-07-07 01:43:27] Summary saved for session 3c37ede3-0dff-4f3d-ad0c-c6df6172bf8d
[2026-07-07 01:43:27] OK /api/sessions (attempt 1) -> 200
[2026-07-07 01:43:27] Session created: dec61688-c73d-44ea-bcf9-514ebc60e852 (child=3075f64f-03e6-4506-a68a-ed4d9ad4aebe, game=SimonMemory)
[2026-07-07 01:43:27] OK /api/sessions/dec61688-c73d-44ea-bcf9-514ebc60e852/simon-trials (attempt 1) -> 200
[2026-07-07 01:43:27] 1 Simon trials saved to session dec61688-c73d-44ea-bcf9-514ebc60e852
[2026-07-07 01:43:27] OK /api/sessions/dec61688-c73d-44ea-bcf9-514ebc60e852/summary (attempt 1) -> 200
[2026-07-07 01:43:27] Summary saved for session dec61688-c73d-44ea-bcf9-514ebc60e852
[2026-07-07 01:43:27] OK /api/sessions (attempt 1) -> 200
[2026-07-07 01:43:27] Session created: 114e5410-c044-4c43-8588-341b4979829d (child=3075f64f-03e6-4506-a68a-ed4d9ad4aebe, game=ReactionTime)
[2026-07-07 01:43:27] OK /api/sessions/114e5410-c044-4c43-8588-341b4979829d/reaction-trials (attempt 1) -> 200
[2026-07-07 01:43:27] 2 Reaction trials saved to session 114e5410-c044-4c43-8588-341b4979829d
[2026-07-07 01:43:27] OK /api/sessions/114e5410-c044-4c43-8588-341b4979829d/summary (attempt 1) -> 200
[2026-07-07 01:43:27] Summary saved for session 114e5410-c044-4c43-8588-341b4979829d
